<?xml version="1.0" encoding="UTF-8"?>
<!-- Generated by org.testng.reporters.JUnitXMLReporter -->
<testsuite ignored="0" hostname="LAPTOP-L8P7Q6VC" failures="0" tests="4" name="Default test" time="25.876" errors="0" timestamp="2025-06-26T18:29:34 IST">
  <testcase classname="testng.OrangeHRMTest" name="openapp" time="19.634"/>
  <testcase classname="testng.OrangeHRMTest" name="testlogo" time="3.098"/>
  <testcase classname="testng.OrangeHRMTest" name="testlogin" time="2.874"/>
  <testcase classname="testng.OrangeHRMTest" name="CloseApp" time="0.198"/>
</testsuite> <!-- Default test -->
