<?xml version="1.0" encoding="UTF-8"?>
<!-- Generated by org.testng.reporters.JUnitXMLReporter -->
<testsuite ignored="0" hostname="LAPTOP-L8P7Q6VC" failures="0" tests="3" name="chromeTest" time="14.086" errors="0" timestamp="2025-07-10T18:15:08 IST">
  <testcase classname="parameterization_DataProvider.ParamTest" name="testLogo" time="0.084"/>
  <testcase classname="parameterization_DataProvider.ParamTest" name="testTitle" time="0.007"/>
  <testcase classname="parameterization_DataProvider.ParamTest" name="testURL" time="0.007"/>
</testsuite> <!-- chromeTest -->
