<?xml version="1.0" encoding="UTF-8"?>
<!-- Generated by org.testng.reporters.JUnitXMLReporter -->
<testsuite ignored="0" hostname="LAPTOP-L8P7Q6VC" failures="0" tests="3" name="firefoxTest" time="10.586" errors="0" timestamp="2025-07-10T18:08:47 IST">
  <testcase classname="parameterization_DataProvider.ParamTest" name="testLogo" time="0.047"/>
  <testcase classname="parameterization_DataProvider.ParamTest" name="testTitle" time="0.013"/>
  <testcase classname="parameterization_DataProvider.ParamTest" name="testURL" time="0.012"/>
</testsuite> <!-- firefoxTest -->
