<?xml version="1.0" encoding="UTF-8"?>
<!-- Generated by org.testng.reporters.JUnitXMLReporter -->
<testsuite ignored="0" hostname="LAPTOP-L8P7Q6VC" failures="0" tests="4" name="Test" time="14.067" errors="0" timestamp="2025-06-26T18:34:43 IST">
  <testcase classname="testng.OrangeHRMTest" name="openapp" time="9.026"/>
  <testcase classname="testng.OrangeHRMTest" name="testlogo" time="3.089"/>
  <testcase classname="testng.OrangeHRMTest" name="testlogin" time="1.726"/>
  <testcase classname="testng.OrangeHRMTest" name="CloseApp" time="0.165"/>
</testsuite> <!-- Test -->
