<?xml version="1.0" encoding="UTF-8"?>
<!-- Generated by org.testng.reporters.JUnitXMLReporter -->
<testsuite ignored="6" hostname="LAPTOP-L8P7Q6VC" failures="0" tests="2" name="groupinttests" time="0.064" errors="0" timestamp="2025-07-02T15:34:02 IST">
  <testcase classname="dependencyMethods.PaymentTests" name="paymentinRupees" time="0.007"/>
  <testcase classname="dependencyMethods.PaymentTests" name="paymentinDollars" time="0.002"/>
  <testcase classname="dependencyMethods.SignupTests" name="signupbyemail" time="0.0">
    <ignored/>
  </testcase> <!-- signupbyemail -->
  <testcase classname="dependencyMethods.SignupTests" name="signupbyfacebook" time="0.0">
    <ignored/>
  </testcase> <!-- signupbyfacebook -->
  <testcase classname="dependencyMethods.LoginTests" name="loginBytwitter" time="0.0">
    <ignored/>
  </testcase> <!-- loginBytwitter -->
  <testcase classname="dependencyMethods.SignupTests" name="signupbytwitter" time="0.0">
    <ignored/>
  </testcase> <!-- signupbytwitter -->
  <testcase classname="dependencyMethods.LoginTests" name="loginByFacebook" time="0.0">
    <ignored/>
  </testcase> <!-- loginByFacebook -->
  <testcase classname="dependencyMethods.LoginTests" name="loginByEmail" time="0.0">
    <ignored/>
  </testcase> <!-- loginByEmail -->
</testsuite> <!-- groupinttests -->
